[2024-07-08T11:00:14.570444+00:00] e-mensa.INFO: E-Mensa application has started. [] []
[2024-07-08T11:00:16.229789+00:00] e-mensa.INFO: Access to the main page {"request":{"RequestData":{"query":[],"args":[],"method":"GET"}}} []
[2024-07-08T11:00:16.317111+00:00] e-mensa.INFO: E-Mensa application has started. [] []
[2024-07-08T11:00:22.025712+00:00] e-mensa.WARNING: Failed login attempt: Incorrect password {"email":"admin@emensa.example"} []
[2024-07-08T11:00:22.047776+00:00] e-mensa.INFO: E-Mensa application has started. [] []
[2024-07-08T11:00:33.334073+00:00] e-mensa.WARNING: Failed login attempt: User does not exist {"email":"ro.hormann@yahoo.de"} []
[2024-07-08T11:00:33.342944+00:00] e-mensa.INFO: E-Mensa application has started. [] []
[2024-07-08T11:00:39.514534+00:00] e-mensa.INFO: Successful login {"email":"admin@emensa.example"} []
[2024-07-08T11:00:39.678294+00:00] e-mensa.INFO: E-Mensa application has started. [] []
[2024-07-08T11:00:44.056454+00:00] e-mensa.INFO: User logged out {"email":"admin@emensa.example"} []
[2024-07-08T11:00:44.185175+00:00] e-mensa.INFO: E-Mensa application has started. [] []
[2024-07-08T11:00:45.970899+00:00] e-mensa.INFO: E-Mensa application has started. [] []
[2024-07-08T11:04:51.678052+00:00] e-mensa.INFO: Access to the main page {"request":{"RequestData":{"query":[],"args":[],"method":"GET"}}} []
[2024-07-08T11:04:51.854826+00:00] e-mensa.INFO: E-Mensa application has started. [] []
[2024-07-08T11:15:36.657302+00:00] e-mensa.INFO: Access to the main page {"request":{"RequestData":{"query":[],"args":[],"method":"GET"}}} []
[2024-07-08T11:15:36.668535+00:00] e-mensa.INFO: E-Mensa application has started. [] []
[2024-07-08T11:19:14.938539+00:00] e-mensa.INFO: E-Mensa application has started. [] []
[2024-07-08T11:19:37.480290+00:00] e-mensa.INFO: E-Mensa application has started. [] []
[2024-07-08T11:19:47.002281+00:00] e-mensa.INFO: E-Mensa application has started. [] []
[2024-07-08T11:20:13.831756+00:00] e-mensa.INFO: E-Mensa application has started. [] []
[2024-07-08T11:20:19.351630+00:00] e-mensa.INFO: E-Mensa application has started. [] []
[2024-07-08T11:20:22.443369+00:00] e-mensa.INFO: Access to the main page {"request":{"RequestData":{"query":[],"args":[],"method":"GET"}}} []
[2024-07-08T11:20:22.492521+00:00] e-mensa.INFO: E-Mensa application has started. [] []
[2024-07-08T11:20:25.318483+00:00] e-mensa.INFO: E-Mensa application has started. [] []
[2024-07-08T11:20:30.579774+00:00] e-mensa.INFO: Access to the main page {"request":{"RequestData":{"query":[],"args":[],"method":"GET"}}} []
[2024-07-08T11:20:30.614547+00:00] e-mensa.INFO: E-Mensa application has started. [] []
[2024-07-08T11:20:32.009274+00:00] e-mensa.INFO: E-Mensa application has started. [] []
[2024-07-08T11:21:02.768381+00:00] e-mensa.INFO: E-Mensa application has started. [] []
[2024-07-08T11:21:05.279660+00:00] e-mensa.INFO: E-Mensa application has started. [] []
[2024-07-08T11:23:04.118846+00:00] e-mensa.INFO: E-Mensa application has started. [] []
[2024-07-08T11:23:09.799447+00:00] e-mensa.INFO: E-Mensa application has started. [] []
[2024-07-08T11:23:14.551843+00:00] e-mensa.INFO: E-Mensa application has started. [] []
[2024-07-08T11:23:14.812449+00:00] e-mensa.INFO: E-Mensa application has started. [] []
[2024-07-08T11:23:21.468124+00:00] e-mensa.INFO: E-Mensa application has started. [] []
[2024-07-08T11:23:22.796232+00:00] e-mensa.INFO: Access to the main page {"request":{"RequestData":{"query":[],"args":[],"method":"GET"}}} []
[2024-07-08T11:23:22.855542+00:00] e-mensa.INFO: E-Mensa application has started. [] []
[2024-07-08T11:35:04.119739+00:00] e-mensa.INFO: Access to the main page {"request":{"RequestData":{"query":[],"args":[],"method":"GET"}}} []
[2024-07-08T11:35:04.519927+00:00] e-mensa.INFO: E-Mensa application has started. [] []
[2024-07-08T11:35:04.995567+00:00] e-mensa.INFO: E-Mensa application has started. [] []
[2024-07-08T11:37:12.505228+00:00] e-mensa.INFO: Access to the main page {"request":{"RequestData":{"query":[],"args":[],"method":"GET"}}} []
[2024-07-08T11:37:12.593772+00:00] e-mensa.INFO: E-Mensa application has started. [] []
[2024-07-08T11:37:35.786836+00:00] e-mensa.WARNING: Failed login attempt: User does not exist {"email":"ro.hormann@yahoo.de"} []
[2024-07-08T11:37:35.799635+00:00] e-mensa.INFO: E-Mensa application has started. [] []
[2024-07-08T11:38:33.105372+00:00] e-mensa.INFO: E-Mensa application has started. [] []
[2024-07-08T11:38:49.499599+00:00] e-mensa.INFO: E-Mensa application has started. [] []
[2024-07-08T11:40:36.831667+00:00] e-mensa.INFO: Access to the main page {"request":{"RequestData":{"query":[],"args":[],"method":"GET"}}} []
[2024-07-08T11:40:36.877149+00:00] e-mensa.INFO: E-Mensa application has started. [] []
[2024-07-08T11:43:22.905640+00:00] e-mensa.INFO: Successful login {"email":"admin@emensa.example"} []
[2024-07-08T11:43:23.060383+00:00] e-mensa.INFO: E-Mensa application has started. [] []
[2024-07-08T14:30:57.640759+00:00] e-mensa.INFO: E-Mensa application has started. [] []
[2024-07-08T14:34:14.995445+00:00] e-mensa.INFO: E-Mensa application has started. [] []
[2024-07-08T14:35:12.011186+00:00] e-mensa.INFO: E-Mensa application has started. [] []
[2024-07-08T14:36:06.028876+00:00] e-mensa.INFO: User logged out {"email":"admin@emensa.example"} []
[2024-07-08T14:36:06.209404+00:00] e-mensa.INFO: E-Mensa application has started. [] []
[2024-07-08T14:36:36.178925+00:00] e-mensa.INFO: Access to the main page {"request":{"RequestData":{"query":[],"args":[],"method":"GET"}}} []
[2024-07-08T14:36:36.189194+00:00] e-mensa.INFO: E-Mensa application has started. [] []
[2024-07-08T14:36:42.308039+00:00] e-mensa.INFO: E-Mensa application has started. [] []
[2024-07-08T14:36:59.530564+00:00] e-mensa.INFO: Access to the main page {"request":{"RequestData":{"query":[],"args":[],"method":"GET"}}} []
[2024-07-08T14:36:59.552537+00:00] e-mensa.INFO: E-Mensa application has started. [] []
[2024-07-08T14:37:05.934948+00:00] e-mensa.INFO: Successful login {"email":"admin@emensa.example"} []
[2024-07-08T14:37:06.259347+00:00] e-mensa.INFO: E-Mensa application has started. [] []
[2024-07-08T14:37:08.104229+00:00] e-mensa.INFO: User logged out {"email":"admin@emensa.example"} []
[2024-07-08T14:37:08.210621+00:00] e-mensa.INFO: E-Mensa application has started. [] []
[2024-07-08T16:06:29.143746+00:00] e-mensa.INFO: E-Mensa application has started. [] []
[2024-07-08T16:06:30.872598+00:00] e-mensa.INFO: Access to the main page {"request":{"RequestData":{"query":[],"args":[],"method":"GET"}}} []
[2024-07-08T16:06:30.885257+00:00] e-mensa.INFO: E-Mensa application has started. [] []
[2024-07-08T16:06:37.902134+00:00] e-mensa.INFO: Successful login {"email":"admin@emensa.example"} []
[2024-07-08T16:06:38.531192+00:00] e-mensa.INFO: E-Mensa application has started. [] []
[2024-07-08T18:16:59.976991+00:00] e-mensa.INFO: E-Mensa application has started. [] []
[2024-07-08T18:17:04.960877+00:00] e-mensa.INFO: User logged out {"email":"admin@emensa.example"} []
[2024-07-08T18:17:05.072765+00:00] e-mensa.INFO: E-Mensa application has started. [] []
[2024-07-08T18:19:22.199669+00:00] e-mensa.INFO: E-Mensa application has started. [] []
[2024-07-08T18:20:13.935192+00:00] e-mensa.INFO: E-Mensa application has started. [] []
[2024-07-08T18:20:50.112025+00:00] e-mensa.INFO: E-Mensa application has started. [] []
[2024-07-08T18:20:55.488420+00:00] e-mensa.INFO: Access to the main page {"request":{"RequestData":{"query":[],"args":[],"method":"GET"}}} []
[2024-07-08T18:20:55.545584+00:00] e-mensa.INFO: E-Mensa application has started. [] []
[2024-07-08T18:21:00.893300+00:00] e-mensa.WARNING: Failed login attempt: User does not exist {"email":"ro.hormann@yahoo.de"} []
[2024-07-08T18:21:00.966516+00:00] e-mensa.INFO: E-Mensa application has started. [] []
[2024-07-08T18:21:07.794422+00:00] e-mensa.WARNING: Failed login attempt: Incorrect password {"email":"admin@emensa.example"} []
[2024-07-08T18:21:07.865910+00:00] e-mensa.INFO: E-Mensa application has started. [] []
[2024-07-08T18:21:15.052607+00:00] e-mensa.INFO: Successful login {"email":"admin@emensa.example"} []
[2024-07-08T18:21:15.235291+00:00] e-mensa.INFO: E-Mensa application has started. [] []
[2024-07-08T18:23:23.401490+00:00] e-mensa.INFO: E-Mensa application has started. [] []
[2024-07-08T18:23:42.701722+00:00] e-mensa.INFO: E-Mensa application has started. [] []
[2024-07-08T18:23:49.830572+00:00] e-mensa.INFO: User logged out {"email":"admin@emensa.example"} []
[2024-07-08T18:23:49.933746+00:00] e-mensa.INFO: E-Mensa application has started. [] []
[2024-07-08T18:24:06.890240+00:00] e-mensa.INFO: E-Mensa application has started. [] []
[2024-07-08T18:24:09.195929+00:00] e-mensa.INFO: Access to the main page {"request":{"RequestData":{"query":[],"args":[],"method":"GET"}}} []
[2024-07-08T18:24:09.690834+00:00] e-mensa.INFO: E-Mensa application has started. [] []
[2024-07-08T18:43:27.654320+00:00] e-mensa.INFO: E-Mensa application has started. [] []
[2024-07-08T18:43:45.095031+00:00] e-mensa.INFO: E-Mensa application has started. [] []
[2024-07-08T18:44:18.618183+00:00] e-mensa.INFO: E-Mensa application has started. [] []
